# JRE version: OpenJDK Runtime Environment (17.0.11) (build 17.0.11+0--11852314)
# Java VM: OpenJDK 64-Bit Server VM (17.0.11+0--11852314, mixed mode, tiered, compressed oops, compressed class ptrs, g1 gc, windows-amd64)
GC Precious Log:
 CPUs: 8 total, 8 available
 Memory: 7975M
 Large Page Support: Disabled
 NUMA Support: Disabled
 Compressed Oops: Enabled (32-bit)
 Heap Region Size: 1M
 Heap Min Capacity: 8M
 Heap Initial Capacity: 126M
 Heap Max Capacity: 2G
 Pre-touch: Disabled
 Parallel Workers: 8
 Concurrent Workers: 2
 Concurrent Refinement Workers: 8
 Periodic GC: Disabled
Heap:
 garbage-first heap   total 260096K, used 111892K [0x0000000080000000, 0x0000000100000000)
  region size 1024K, 2 young (2048K), 2 survivors (2048K)
 Metaspace       used 143412K, committed 144192K, reserved 1179648K
  class space    used 18251K, committed 18624K, reserved 1048576K
GC Heap History (20 events):
Event: 18.371 GC heap after
{Heap after GC invocations=58 (full 0):
 garbage-first heap   total 211968K, used 104677K [0x0000000080000000, 0x0000000100000000)
  region size 1024K, 11 young (11264K), 11 survivors (11264K)
 Metaspace       used 115772K, committed 116352K, reserved 1179648K
  class space    used 14725K, committed 14976K, reserved 1048576K
}
Event: 18.993 GC heap before
{Heap before GC invocations=58 (full 0):
 garbage-first heap   total 211968K, used 174309K [0x0000000080000000, 0x0000000100000000)
  region size 1024K, 79 young (80896K), 11 survivors (11264K)
 Metaspace       used 119066K, committed 119680K, reserved 1179648K
  class space    used 15221K, committed 15488K, reserved 1048576K
}
Event: 18.998 GC heap after
{Heap after GC invocations=59 (full 0):
 garbage-first heap   total 211968K, used 97952K [0x0000000080000000, 0x0000000100000000)
  region size 1024K, 3 young (3072K), 3 survivors (3072K)
 Metaspace       used 119066K, committed 119680K, reserved 1179648K
  class space    used 15221K, committed 15488K, reserved 1048576K
}
Event: 19.609 GC heap before
{Heap before GC invocations=59 (full 0):
 garbage-first heap   total 211968K, used 173728K [0x0000000080000000, 0x0000000100000000)
  region size 1024K, 78 young (79872K), 3 survivors (3072K)
 Metaspace       used 126151K, committed 126848K, reserved 1179648K
  class space    used 16112K, committed 16448K, reserved 1048576K
}
Event: 19.615 GC heap after
{Heap after GC invocations=60 (full 0):
 garbage-first heap   total 211968K, used 101749K [0x0000000080000000, 0x0000000100000000)
  region size 1024K, 7 young (7168K), 7 survivors (7168K)
 Metaspace       used 126151K, committed 126848K, reserved 1179648K
  class space    used 16112K, committed 16448K, reserved 1048576K
}
Event: 20.731 GC heap before
{Heap before GC invocations=61 (full 0):
 garbage-first heap   total 211968K, used 174453K [0x0000000080000000, 0x0000000100000000)
  region size 1024K, 78 young (79872K), 7 survivors (7168K)
 Metaspace       used 131255K, committed 131968K, reserved 1179648K
  class space    used 16829K, committed 17152K, reserved 1048576K
}
Event: 20.744 GC heap after
{Heap after GC invocations=62 (full 0):
 garbage-first heap   total 211968K, used 106195K [0x0000000080000000, 0x0000000100000000)
  region size 1024K, 10 young (10240K), 10 survivors (10240K)
 Metaspace       used 131255K, committed 131968K, reserved 1179648K
  class space    used 16829K, committed 17152K, reserved 1048576K
}
Event: 20.750 GC heap before
{Heap before GC invocations=62 (full 0):
 garbage-first heap   total 211968K, used 108243K [0x0000000080000000, 0x0000000100000000)
  region size 1024K, 11 young (11264K), 10 survivors (10240K)
 Metaspace       used 131255K, committed 131968K, reserved 1179648K
  class space    used 16829K, committed 17152K, reserved 1048576K
}
Event: 20.758 GC heap after
{Heap after GC invocations=63 (full 0):
 garbage-first heap   total 211968K, used 103051K [0x0000000080000000, 0x0000000100000000)
  region size 1024K, 1 young (1024K), 1 survivors (1024K)
 Metaspace       used 131255K, committed 131968K, reserved 1179648K
  class space    used 16829K, committed 17152K, reserved 1048576K
}
Event: 21.338 GC heap before
{Heap before GC invocations=63 (full 0):
 garbage-first heap   total 211968K, used 171659K [0x0000000080000000, 0x0000000100000000)
  region size 1024K, 69 young (70656K), 1 survivors (1024K)
 Metaspace       used 133202K, committed 133952K, reserved 1179648K
  class space    used 17060K, committed 17408K, reserved 1048576K
}
Event: 21.345 GC heap after
{Heap after GC invocations=64 (full 0):
 garbage-first heap   total 211968K, used 107594K [0x0000000080000000, 0x0000000100000000)
  region size 1024K, 6 young (6144K), 6 survivors (6144K)
 Metaspace       used 133202K, committed 133952K, reserved 1179648K
  class space    used 17060K, committed 17408K, reserved 1048576K
}
Event: 24.638 GC heap before
{Heap before GC invocations=65 (full 0):
 garbage-first heap   total 211968K, used 174154K [0x0000000080000000, 0x0000000100000000)
  region size 1024K, 70 young (71680K), 6 survivors (6144K)
 Metaspace       used 143038K, committed 143744K, reserved 1179648K
  class space    used 18226K, committed 18560K, reserved 1048576K
}
Event: 24.650 GC heap after
{Heap after GC invocations=66 (full 0):
 garbage-first heap   total 211968K, used 116781K [0x0000000080000000, 0x0000000100000000)
  region size 1024K, 7 young (7168K), 7 survivors (7168K)
 Metaspace       used 143038K, committed 143744K, reserved 1179648K
  class space    used 18226K, committed 18560K, reserved 1048576K
}
Event: 24.654 GC heap before
{Heap before GC invocations=66 (full 0):
 garbage-first heap   total 211968K, used 118829K [0x0000000080000000, 0x0000000100000000)
  region size 1024K, 10 young (10240K), 7 survivors (7168K)
 Metaspace       used 143038K, committed 143744K, reserved 1179648K
  class space    used 18226K, committed 18560K, reserved 1048576K
}
Event: 24.662 GC heap after
{Heap after GC invocations=67 (full 0):
 garbage-first heap   total 211968K, used 114808K [0x0000000080000000, 0x0000000100000000)
  region size 1024K, 1 young (1024K), 1 survivors (1024K)
 Metaspace       used 143038K, committed 143744K, reserved 1179648K
  class space    used 18226K, committed 18560K, reserved 1048576K
}
Event: 24.787 GC heap before
{Heap before GC invocations=67 (full 0):
 garbage-first heap   total 211968K, used 173176K [0x0000000080000000, 0x0000000100000000)
  region size 1024K, 59 young (60416K), 1 survivors (1024K)
 Metaspace       used 143146K, committed 143872K, reserved 1179648K
  class space    used 18234K, committed 18560K, reserved 1048576K
}
Event: 24.791 GC heap after
{Heap after GC invocations=68 (full 0):
 garbage-first heap   total 211968K, used 115446K [0x0000000080000000, 0x0000000100000000)
  region size 1024K, 2 young (2048K), 2 survivors (2048K)
 Metaspace       used 143146K, committed 143872K, reserved 1179648K
  class space    used 18234K, committed 18560K, reserved 1048576K
}
Event: 24.984 GC heap before
{Heap before GC invocations=69 (full 0):
 garbage-first heap   total 260096K, used 174838K [0x0000000080000000, 0x0000000100000000)
  region size 1024K, 61 young (62464K), 2 survivors (2048K)
 Metaspace       used 143386K, committed 144128K, reserved 1179648K
  class space    used 18251K, committed 18624K, reserved 1048576K
}
Event: 24.987 GC heap after
{Heap after GC invocations=70 (full 0):
 garbage-first heap   total 260096K, used 115718K [0x0000000080000000, 0x0000000100000000)
  region size 1024K, 2 young (2048K), 2 survivors (2048K)
 Metaspace       used 143386K, committed 144128K, reserved 1179648K
  class space    used 18251K, committed 18624K, reserved 1048576K
}
Event: 25.005 GC heap before
{Heap before GC invocations=70 (full 0):
 garbage-first heap   total 260096K, used 124934K [0x0000000080000000, 0x0000000100000000)
  region size 1024K, 12 young (12288K), 2 survivors (2048K)
 Metaspace       used 143412K, committed 144192K, reserved 1179648K
  class space    used 18251K, committed 18624K, reserved 1048576K
}

