# JRE version: OpenJDK Runtime Environment (17.0.11) (build 17.0.11+0--11852314)
# Java VM: OpenJDK 64-Bit Server VM (17.0.11+0--11852314, mixed mode, tiered, compressed oops, compressed class ptrs, g1 gc, windows-amd64)
GC Precious Log:
 CPUs: 8 total, 8 available
 Memory: 7975M
 Large Page Support: Disabled
 NUMA Support: Disabled
 Compressed Oops: Enabled (32-bit)
 Heap Region Size: 1M
 Heap Min Capacity: 8M
 Heap Initial Capacity: 126M
 Heap Max Capacity: 2G
 Pre-touch: Disabled
 Parallel Workers: 8
 Concurrent Workers: 2
 Concurrent Refinement Workers: 8
 Periodic GC: Disabled
Heap:
 garbage-first heap   total 552960K, used 223189K [0x0000000080000000, 0x0000000100000000)
  region size 1024K, 132 young (135168K), 19 survivors (19456K)
 Metaspace       used 59557K, committed 60160K, reserved 1114112K
  class space    used 7812K, committed 8064K, reserved 1048576K
GC Heap History (20 events):
Event: 28.355 GC heap before
{Heap before GC invocations=79 (full 0):
 garbage-first heap   total 420864K, used 327062K [0x0000000080000000, 0x0000000100000000)
  region size 1024K, 246 young (251904K), 13 survivors (13312K)
 Metaspace       used 59245K, committed 59904K, reserved 1114112K
  class space    used 7771K, committed 8064K, reserved 1048576K
}
Event: 28.365 GC heap after
{Heap after GC invocations=80 (full 0):
 garbage-first heap   total 420864K, used 88937K [0x0000000080000000, 0x0000000100000000)
  region size 1024K, 13 young (13312K), 13 survivors (13312K)
 Metaspace       used 59245K, committed 59904K, reserved 1114112K
  class space    used 7771K, committed 8064K, reserved 1048576K
}
Event: 28.703 GC heap before
{Heap before GC invocations=80 (full 0):
 garbage-first heap   total 420864K, used 327529K [0x0000000080000000, 0x0000000100000000)
  region size 1024K, 246 young (251904K), 13 survivors (13312K)
 Metaspace       used 59245K, committed 59904K, reserved 1114112K
  class space    used 7771K, committed 8064K, reserved 1048576K
}
Event: 28.713 GC heap after
{Heap after GC invocations=81 (full 0):
 garbage-first heap   total 420864K, used 90985K [0x0000000080000000, 0x0000000100000000)
  region size 1024K, 15 young (15360K), 15 survivors (15360K)
 Metaspace       used 59245K, committed 59904K, reserved 1114112K
  class space    used 7771K, committed 8064K, reserved 1048576K
}
Event: 28.952 GC heap before
{Heap before GC invocations=81 (full 0):
 garbage-first heap   total 420864K, used 327529K [0x0000000080000000, 0x0000000100000000)
  region size 1024K, 246 young (251904K), 15 survivors (15360K)
 Metaspace       used 59247K, committed 59904K, reserved 1114112K
  class space    used 7771K, committed 8064K, reserved 1048576K
}
Event: 28.963 GC heap after
{Heap after GC invocations=82 (full 0):
 garbage-first heap   total 420864K, used 93090K [0x0000000080000000, 0x0000000100000000)
  region size 1024K, 17 young (17408K), 17 survivors (17408K)
 Metaspace       used 59247K, committed 59904K, reserved 1114112K
  class space    used 7771K, committed 8064K, reserved 1048576K
}
Event: 29.280 GC heap before
{Heap before GC invocations=82 (full 0):
 garbage-first heap   total 420864K, used 327586K [0x0000000080000000, 0x0000000100000000)
  region size 1024K, 246 young (251904K), 17 survivors (17408K)
 Metaspace       used 59252K, committed 59904K, reserved 1114112K
  class space    used 7771K, committed 8064K, reserved 1048576K
}
Event: 29.291 GC heap after
{Heap after GC invocations=83 (full 0):
 garbage-first heap   total 420864K, used 93156K [0x0000000080000000, 0x0000000100000000)
  region size 1024K, 16 young (16384K), 16 survivors (16384K)
 Metaspace       used 59252K, committed 59904K, reserved 1114112K
  class space    used 7771K, committed 8064K, reserved 1048576K
}
Event: 29.590 GC heap before
{Heap before GC invocations=83 (full 0):
 garbage-first heap   total 420864K, used 328676K [0x0000000080000000, 0x0000000100000000)
  region size 1024K, 246 young (251904K), 16 survivors (16384K)
 Metaspace       used 59252K, committed 59904K, reserved 1114112K
  class space    used 7771K, committed 8064K, reserved 1048576K
}
Event: 29.604 GC heap after
{Heap after GC invocations=84 (full 0):
 garbage-first heap   total 488448K, used 94702K [0x0000000080000000, 0x0000000100000000)
  region size 1024K, 17 young (17408K), 17 survivors (17408K)
 Metaspace       used 59252K, committed 59904K, reserved 1114112K
  class space    used 7771K, committed 8064K, reserved 1048576K
}
Event: 29.935 GC heap before
{Heap before GC invocations=84 (full 0):
 garbage-first heap   total 488448K, used 371182K [0x0000000080000000, 0x0000000100000000)
  region size 1024K, 286 young (292864K), 17 survivors (17408K)
 Metaspace       used 59257K, committed 59904K, reserved 1114112K
  class space    used 7771K, committed 8064K, reserved 1048576K
}
Event: 29.947 GC heap after
{Heap after GC invocations=85 (full 0):
 garbage-first heap   total 488448K, used 96144K [0x0000000080000000, 0x0000000100000000)
  region size 1024K, 17 young (17408K), 17 survivors (17408K)
 Metaspace       used 59257K, committed 59904K, reserved 1114112K
  class space    used 7771K, committed 8064K, reserved 1048576K
}
Event: 30.203 GC heap before
{Heap before GC invocations=85 (full 0):
 garbage-first heap   total 488448K, used 371600K [0x0000000080000000, 0x0000000100000000)
  region size 1024K, 286 young (292864K), 17 survivors (17408K)
 Metaspace       used 59259K, committed 59904K, reserved 1114112K
  class space    used 7771K, committed 8064K, reserved 1048576K
}
Event: 30.216 GC heap after
{Heap after GC invocations=86 (full 0):
 garbage-first heap   total 488448K, used 97778K [0x0000000080000000, 0x0000000100000000)
  region size 1024K, 18 young (18432K), 18 survivors (18432K)
 Metaspace       used 59259K, committed 59904K, reserved 1114112K
  class space    used 7771K, committed 8064K, reserved 1048576K
}
Event: 30.460 GC heap before
{Heap before GC invocations=86 (full 0):
 garbage-first heap   total 488448K, used 372210K [0x0000000080000000, 0x0000000100000000)
  region size 1024K, 286 young (292864K), 18 survivors (18432K)
 Metaspace       used 59260K, committed 59904K, reserved 1114112K
  class space    used 7771K, committed 8064K, reserved 1048576K
}
Event: 30.473 GC heap after
{Heap after GC invocations=87 (full 0):
 garbage-first heap   total 488448K, used 98499K [0x0000000080000000, 0x0000000100000000)
  region size 1024K, 18 young (18432K), 18 survivors (18432K)
 Metaspace       used 59260K, committed 59904K, reserved 1114112K
  class space    used 7771K, committed 8064K, reserved 1048576K
}
Event: 30.762 GC heap before
{Heap before GC invocations=87 (full 0):
 garbage-first heap   total 488448K, used 372931K [0x0000000080000000, 0x0000000100000000)
  region size 1024K, 286 young (292864K), 18 survivors (18432K)
 Metaspace       used 59265K, committed 59904K, reserved 1114112K
  class space    used 7771K, committed 8064K, reserved 1048576K
}
Event: 30.777 GC heap after
{Heap after GC invocations=88 (full 0):
 garbage-first heap   total 488448K, used 100534K [0x0000000080000000, 0x0000000100000000)
  region size 1024K, 19 young (19456K), 19 survivors (19456K)
 Metaspace       used 59265K, committed 59904K, reserved 1114112K
  class space    used 7771K, committed 8064K, reserved 1048576K
}
Event: 31.044 GC heap before
{Heap before GC invocations=88 (full 0):
 garbage-first heap   total 488448K, used 373942K [0x0000000080000000, 0x0000000100000000)
  region size 1024K, 286 young (292864K), 19 survivors (19456K)
 Metaspace       used 59265K, committed 59904K, reserved 1114112K
  class space    used 7771K, committed 8064K, reserved 1048576K
}
Event: 31.058 GC heap after
{Heap after GC invocations=89 (full 0):
 garbage-first heap   total 552960K, used 101333K [0x0000000080000000, 0x0000000100000000)
  region size 1024K, 19 young (19456K), 19 survivors (19456K)
 Metaspace       used 59265K, committed 59904K, reserved 1114112K
  class space    used 7771K, committed 8064K, reserved 1048576K
}

